\BOOKMARK [1][-]{section.1}{1 Introduction}{}% 1
\BOOKMARK [1][-]{section.2}{2 Basic Concept}{}% 2
\BOOKMARK [2][-]{subsection.2.1}{2.1 The Model}{section.2}% 3
\BOOKMARK [2][-]{subsection.2.2}{2.2 Implementation of Regulation}{section.2}% 4
\BOOKMARK [2][-]{subsection.2.3}{2.3 Hardware}{section.2}% 5
\BOOKMARK [1][-]{section.3}{3 Component Selection}{}% 6
\BOOKMARK [2][-]{subsection.3.1}{3.1 Microcontroller}{section.3}% 7
\BOOKMARK [2][-]{subsection.3.2}{3.2 36V Power Supply and Mains Input}{section.3}% 8
\BOOKMARK [2][-]{subsection.3.3}{3.3 Voltage Rails}{section.3}% 9
\BOOKMARK [2][-]{subsection.3.4}{3.4 LT3741}{section.3}% 10
\BOOKMARK [1][-]{section.4}{4 PCB Design}{}% 11
\BOOKMARK [1][-]{section.5}{5 Software}{}% 12
\BOOKMARK [2][-]{subsection.5.1}{5.1 Firmware}{section.5}% 13
\BOOKMARK [2][-]{subsection.5.2}{5.2 Front-End}{section.5}% 14
\BOOKMARK [1][-]{section.6}{6 Verification}{}% 15
\BOOKMARK [2][-]{subsection.6.1}{6.1 Test Fixtures}{section.6}% 16
\BOOKMARK [2][-]{subsection.6.2}{6.2 Measurement Results}{section.6}% 17
\BOOKMARK [2][-]{subsection.6.3}{6.3 Analysis of the Issue}{section.6}% 18
\BOOKMARK [2][-]{subsection.6.4}{6.4 Simulating the Issue}{section.6}% 19
\BOOKMARK [1][-]{section.7}{7 Conclusions}{}% 20
\BOOKMARK [1][-]{Appendix.1.A}{Appendix A Specifications}{}% 21
\BOOKMARK [1][-]{Appendix.1.B}{Appendix B LT3471 Circuit}{}% 22
\BOOKMARK [1][-]{Appendix.1.C}{Appendix C List of Components}{}% 23
\BOOKMARK [1][-]{Appendix.1.D}{Appendix D Circuit Schematics}{}% 24
\BOOKMARK [1][-]{Appendix.1.E}{Appendix E Inductors}{}% 25
\BOOKMARK [1][-]{Appendix.1.F}{Appendix F MOSFETs}{}% 26
\BOOKMARK [1][-]{section*.15}{Bibliography}{}% 27
